/home/zhwong/workspace/LMfromScratch/assignment2-systems/.venv/lib/python3.12/site-packages/submitit/core/plugins.py:24: UserWarning: pkg_resources is deprecated as an API. See https://setuptools.pypa.io/en/latest/pkg_resources.html. The pkg_resources package is slated for removal as early as 2025-11-30. Refrain from using this package or pin to Setuptools<81.
  import pkg_resources
submitit WARNING (2026-01-03 18:00:33,563) - Bypassing signal SIGTERM
submitit WARNING (2026-01-03 18:00:33,565) - Bypassing signal SIGTERM
submitit ERROR (2026-01-03 18:00:34,020) - Submitted job triggered an exception
Traceback (most recent call last):
  File "<frozen runpy>", line 198, in _run_module_as_main
  File "<frozen runpy>", line 88, in _run_code
  File "/home/zhwong/workspace/LMfromScratch/assignment2-systems/.venv/lib/python3.12/site-packages/submitit/core/_submit.py", line 11, in <module>
    submitit_main()
  File "/home/zhwong/workspace/LMfromScratch/assignment2-systems/.venv/lib/python3.12/site-packages/submitit/core/submission.py", line 76, in submitit_main
    process_job(args.folder)
  File "/home/zhwong/workspace/LMfromScratch/assignment2-systems/.venv/lib/python3.12/site-packages/submitit/core/submission.py", line 69, in process_job
    raise error
  File "/home/zhwong/workspace/LMfromScratch/assignment2-systems/.venv/lib/python3.12/site-packages/submitit/core/submission.py", line 55, in process_job
    result = delayed.result()
             ^^^^^^^^^^^^^^^^
  File "/home/zhwong/workspace/LMfromScratch/assignment2-systems/.venv/lib/python3.12/site-packages/submitit/core/utils.py", line 137, in result
    self._result = self.function(*self.args, **self.kwargs)
                   ^^^^^^^^^^^^^^^^^^^^^^^^^^^^^^^^^^^^^^^^
  File "/home/zhwong/workspace/LMfromScratch/assignment2-systems/cs336_systems/submit_benchmark.py", line 31, in run_one_job
    subprocess.run(cmd, check=True)
  File "/home/zhwong/.local/share/uv/python/cpython-3.12.12-linux-x86_64-gnu/lib/python3.12/subprocess.py", line 571, in run
    raise CalledProcessError(retcode, process.args,
subprocess.CalledProcessError: Command '['python', 'cs336_systems/benchmarking_script.py', '--model_size', 'medium', '--num_layers', '24', '--d_model', '1024', '--d_ff', '4096', '--num_heads', '16', '--context_length', '512', '--batch_size', '4', '--mode', 'forward_only', '--precision', 'fp16', '--output_file', 'results/benchmark_results.csv']' died with <Signals.SIGTERM: 15>.
